launcher/build/intermediates/manifest_merge_blame_file/debug/manifest-merger-blame-debug-report.txt
1<?xml version="1.0" encoding="utf-8"?>
2<!-- GENERATED BY UNITY. REMOVE THIS COMMENT TO PREVENT OVERWRITING WHEN EXPORTING AGAIN -->
3<manifest xmlns:android="http://schemas.android.com/apk/res/android"
4    package="com.alzemo.UNITY_PMDM05"
5    android:installLocation="preferExternal"
6    android:versionCode="1"
7    android:versionName="1.0" >
8
9    <uses-sdk
10        android:minSdkVersion="23"
10-->src\main\AndroidManifest.xml
11        android:targetSdkVersion="31" />
11-->src\main\AndroidManifest.xml
12
13    <supports-screens
13-->src\main\AndroidManifest.xml:4:3-163
14        android:anyDensity="true"
14-->src\main\AndroidManifest.xml:4:135-160
15        android:largeScreens="true"
15-->src\main\AndroidManifest.xml:4:78-105
16        android:normalScreens="true"
16-->src\main\AndroidManifest.xml:4:49-77
17        android:smallScreens="true"
17-->src\main\AndroidManifest.xml:4:21-48
18        android:xlargeScreens="true" />
18-->src\main\AndroidManifest.xml:4:106-134
19
20    <uses-feature android:glEsVersion="0x00030000" />
20-->[:unityLibrary] AndroidManifest.xml:13:5-54
20-->[:unityLibrary] AndroidManifest.xml:13:19-51
21    <uses-feature
21-->[:unityLibrary] AndroidManifest.xml:14:5-16:36
22        android:name="android.hardware.vulkan.version"
22-->[:unityLibrary] AndroidManifest.xml:15:9-55
23        android:required="false" />
23-->[:unityLibrary] AndroidManifest.xml:16:9-33
24    <uses-feature
24-->[:unityLibrary] AndroidManifest.xml:17:5-19:36
25        android:name="android.hardware.touchscreen"
25-->[:unityLibrary] AndroidManifest.xml:18:9-52
26        android:required="false" />
26-->[:unityLibrary] AndroidManifest.xml:19:9-33
27    <uses-feature
27-->[:unityLibrary] AndroidManifest.xml:20:5-22:36
28        android:name="android.hardware.touchscreen.multitouch"
28-->[:unityLibrary] AndroidManifest.xml:21:9-63
29        android:required="false" />
29-->[:unityLibrary] AndroidManifest.xml:22:9-33
30    <uses-feature
30-->[:unityLibrary] AndroidManifest.xml:23:5-25:36
31        android:name="android.hardware.touchscreen.multitouch.distinct"
31-->[:unityLibrary] AndroidManifest.xml:24:9-72
32        android:required="false" />
32-->[:unityLibrary] AndroidManifest.xml:25:9-33
33
34    <application
34-->src\main\AndroidManifest.xml:5:3-116
35        android:debuggable="true"
36        android:extractNativeLibs="true"
36-->src\main\AndroidManifest.xml:5:16-48
37        android:icon="@mipmap/app_icon"
37-->src\main\AndroidManifest.xml:5:82-113
38        android:label="@string/app_name"
38-->src\main\AndroidManifest.xml:5:49-81
39        android:testOnly="true" >
40        <activity
40-->[:unityLibrary] AndroidManifest.xml:28:9-49:20
41            android:name="com.unity3d.player.UnityPlayerActivity"
41-->[:unityLibrary] AndroidManifest.xml:29:13-66
42            android:configChanges="mcc|mnc|locale|touchscreen|keyboard|keyboardHidden|navigation|orientation|screenLayout|uiMode|screenSize|smallestScreenSize|fontScale|layoutDirection|density"
42-->[:unityLibrary] AndroidManifest.xml:30:13-194
43            android:exported="true"
43-->[:unityLibrary] AndroidManifest.xml:31:13-36
44            android:hardwareAccelerated="false"
44-->[:unityLibrary] AndroidManifest.xml:32:13-48
45            android:launchMode="singleTask"
45-->[:unityLibrary] AndroidManifest.xml:33:13-44
46            android:resizeableActivity="false"
46-->[:unityLibrary] AndroidManifest.xml:34:13-47
47            android:screenOrientation="fullSensor"
47-->[:unityLibrary] AndroidManifest.xml:35:13-51
48            android:theme="@style/UnityThemeSelector" >
48-->[:unityLibrary] AndroidManifest.xml:36:13-54
49            <intent-filter>
49-->[:unityLibrary] AndroidManifest.xml:37:13-41:29
50                <action android:name="android.intent.action.MAIN" />
50-->[:unityLibrary] AndroidManifest.xml:38:17-69
50-->[:unityLibrary] AndroidManifest.xml:38:25-66
51
52                <category android:name="android.intent.category.LAUNCHER" />
52-->[:unityLibrary] AndroidManifest.xml:40:17-77
52-->[:unityLibrary] AndroidManifest.xml:40:27-74
53            </intent-filter>
54
55            <meta-data
55-->[:unityLibrary] AndroidManifest.xml:43:13-45:40
56                android:name="unityplayer.UnityActivity"
56-->[:unityLibrary] AndroidManifest.xml:44:17-57
57                android:value="true" />
57-->[:unityLibrary] AndroidManifest.xml:45:17-37
58            <meta-data
58-->[:unityLibrary] AndroidManifest.xml:46:13-48:40
59                android:name="android.notch_support"
59-->[:unityLibrary] AndroidManifest.xml:47:17-53
60                android:value="true" />
60-->[:unityLibrary] AndroidManifest.xml:48:17-37
61        </activity>
62
63        <meta-data
63-->[:unityLibrary] AndroidManifest.xml:51:9-53:33
64            android:name="unity.splash-mode"
64-->[:unityLibrary] AndroidManifest.xml:52:13-45
65            android:value="0" />
65-->[:unityLibrary] AndroidManifest.xml:53:13-30
66        <meta-data
66-->[:unityLibrary] AndroidManifest.xml:54:9-56:36
67            android:name="unity.splash-enable"
67-->[:unityLibrary] AndroidManifest.xml:55:13-47
68            android:value="True" />
68-->[:unityLibrary] AndroidManifest.xml:56:13-33
69        <meta-data
69-->[:unityLibrary] AndroidManifest.xml:57:9-59:37
70            android:name="unity.allow-resizable-window"
70-->[:unityLibrary] AndroidManifest.xml:58:13-56
71            android:value="False" />
71-->[:unityLibrary] AndroidManifest.xml:59:13-34
72        <meta-data
72-->[:unityLibrary] AndroidManifest.xml:60:9-62:50
73            android:name="notch.config"
73-->[:unityLibrary] AndroidManifest.xml:61:13-40
74            android:value="portrait|landscape" />
74-->[:unityLibrary] AndroidManifest.xml:62:13-47
75        <meta-data
75-->[:unityLibrary] AndroidManifest.xml:63:9-65:68
76            android:name="unity.build-id"
76-->[:unityLibrary] AndroidManifest.xml:64:13-42
77            android:value="98249470-a28d-46c3-bbb2-31688ca023a9" />
77-->[:unityLibrary] AndroidManifest.xml:65:13-65
78    </application>
79
80</manifest>